This is pdfTeX, Version 3.14159265-2.6-1.40.16 (TeX Live 2015/Debian) (preloaded format=pdflatex 2018.5.10)  2 JUN 2018 17:36
entering extended mode
 restricted \write18 enabled.
 %&-line parsing enabled.
**main.
(/usr/share/texlive/texmf-dist/tex/latex/tools/q.tex
! Interruption.
<to be read again> 
                   \begingroup 
l.1 
    %%
? x
 
Here is how much of TeX's memory you used:
 8 strings out of 493029
 251 string characters out of 6136234
 53081 words of memory out of 5000000
 3641 multiletter control sequences out of 15000+600000
 3640 words of font info for 14 fonts, out of 8000000 for 9000
 1141 hyphenation exceptions out of 8191
 3i,0n,1p,12b,6s stack positions out of 5000i,500n,10000p,200000b,80000s
No pages of output.
PDF statistics:
 0 PDF objects out of 1000 (max. 8388607)
 0 named destinations out of 1000 (max. 500000)
 1 words of extra memory for PDF output out of 10000 (max. 10000000)

